{"/Users/otuta/Desktop/finfinfin — копия/src/components/NewQuizForm.jsx": {"path":"/Users/otuta/Desktop/finfinfin — копия/src/components/NewQuizForm.jsx","statementMap":{"0":{"start":{"line":7,"column":44},"end":{"line":15,"column":6}},"1":{"start":{"line":17,"column":36},"end":{"line":17,"column":48}},"2":{"start":{"line":19,"column":24},"end":{"line":30,"column":5}},"3":{"start":{"line":20,"column":8},"end":{"line":29,"column":11}},"4":{"start":{"line":32,"column":25},"end":{"line":38,"column":5}},"5":{"start":{"line":33,"column":8},"end":{"line":37,"column":10}},"6":{"start":{"line":35,"column":16},"end":{"line":35,"column":67}},"7":{"start":{"line":40,"column":21},"end":{"line":50,"column":5}},"8":{"start":{"line":41,"column":27},"end":{"line":45,"column":9}},"9":{"start":{"line":47,"column":25},"end":{"line":47,"column":75}},"10":{"start":{"line":48,"column":8},"end":{"line":48,"column":34}},"11":{"start":{"line":49,"column":8},"end":{"line":49,"column":65}},"12":{"start":{"line":52,"column":4},"end":{"line":119,"column":6}},"13":{"start":{"line":59,"column":37},"end":{"line":59,"column":64}},"14":{"start":{"line":67,"column":16},"end":{"line":99,"column":22}},"15":{"start":{"line":74,"column":41},"end":{"line":74,"column":90}}},"fnMap":{"0":{"name":"NewQuizForm","decl":{"start":{"line":6,"column":24},"end":{"line":6,"column":35}},"loc":{"start":{"line":6,"column":38},"end":{"line":120,"column":1}},"line":6},"1":{"name":"(anonymous_1)","decl":{"start":{"line":19,"column":24},"end":{"line":19,"column":25}},"loc":{"start":{"line":19,"column":30},"end":{"line":30,"column":5}},"line":19},"2":{"name":"(anonymous_2)","decl":{"start":{"line":32,"column":25},"end":{"line":32,"column":26}},"loc":{"start":{"line":32,"column":47},"end":{"line":38,"column":5}},"line":32},"3":{"name":"(anonymous_3)","decl":{"start":{"line":34,"column":29},"end":{"line":34,"column":30}},"loc":{"start":{"line":35,"column":16},"end":{"line":35,"column":67}},"line":35},"4":{"name":"(anonymous_4)","decl":{"start":{"line":40,"column":21},"end":{"line":40,"column":22}},"loc":{"start":{"line":40,"column":27},"end":{"line":50,"column":5}},"line":40},"5":{"name":"(anonymous_5)","decl":{"start":{"line":59,"column":30},"end":{"line":59,"column":31}},"loc":{"start":{"line":59,"column":37},"end":{"line":59,"column":64}},"line":59},"6":{"name":"(anonymous_6)","decl":{"start":{"line":66,"column":30},"end":{"line":66,"column":31}},"loc":{"start":{"line":67,"column":16},"end":{"line":99,"column":22}},"line":67},"7":{"name":"(anonymous_7)","decl":{"start":{"line":74,"column":34},"end":{"line":74,"column":35}},"loc":{"start":{"line":74,"column":41},"end":{"line":74,"column":90}},"line":74}},"branchMap":{"0":{"loc":{"start":{"line":35,"column":16},"end":{"line":35,"column":67}},"type":"cond-expr","locations":[{"start":{"line":35,"column":33},"end":{"line":35,"column":60}},{"start":{"line":35,"column":63},"end":{"line":35,"column":67}}],"line":35},"1":{"loc":{"start":{"line":43,"column":19},"end":{"line":43,"column":45}},"type":"binary-expr","locations":[{"start":{"line":43,"column":19},"end":{"line":43,"column":27}},{"start":{"line":43,"column":31},"end":{"line":43,"column":45}}],"line":43},"2":{"loc":{"start":{"line":47,"column":36},"end":{"line":47,"column":74}},"type":"binary-expr","locations":[{"start":{"line":47,"column":36},"end":{"line":47,"column":66}},{"start":{"line":47,"column":70},"end":{"line":47,"column":74}}],"line":47},"3":{"loc":{"start":{"line":81,"column":21},"end":{"line":86,"column":21}},"type":"binary-expr","locations":[{"start":{"line":81,"column":21},"end":{"line":81,"column":47}},{"start":{"line":82,"column":24},"end":{"line":85,"column":26}}],"line":81},"4":{"loc":{"start":{"line":87,"column":21},"end":{"line":92,"column":21}},"type":"binary-expr","locations":[{"start":{"line":87,"column":21},"end":{"line":87,"column":47}},{"start":{"line":88,"column":24},"end":{"line":91,"column":26}}],"line":87},"5":{"loc":{"start":{"line":93,"column":21},"end":{"line":98,"column":21}},"type":"binary-expr","locations":[{"start":{"line":93,"column":21},"end":{"line":93,"column":49}},{"start":{"line":94,"column":24},"end":{"line":97,"column":26}}],"line":93}},"s":{"0":3,"1":3,"2":3,"3":1,"4":3,"5":0,"6":0,"7":3,"8":0,"9":0,"10":0,"11":0,"12":3,"13":0,"14":4,"15":0},"f":{"0":3,"1":1,"2":0,"3":0,"4":0,"5":0,"6":4,"7":0},"b":{"0":[0,0],"1":[0,0],"2":[0,0],"3":[4,4],"4":[4,0],"5":[4,0]},"_coverageSchema":"1a1c01bbd47fc00a2c39e90264f33305004495a9","hash":"a952513971405a0ee68bc052d056e5febba6b14b"}
,"/Users/otuta/Desktop/finfinfin — копия/src/components/blocks/CreateQuizDirectQuestion.jsx": {"path":"/Users/otuta/Desktop/finfinfin — копия/src/components/blocks/CreateQuizDirectQuestion.jsx","statementMap":{"0":{"start":{"line":2,"column":4},"end":{"line":15,"column":5}},"1":{"start":{"line":7,"column":119},"end":{"line":7,"column":172}},"2":{"start":{"line":11,"column":124},"end":{"line":11,"column":182}}},"fnMap":{"0":{"name":"CreateQuizDirectQuestion","decl":{"start":{"line":1,"column":24},"end":{"line":1,"column":48}},"loc":{"start":{"line":1,"column":77},"end":{"line":16,"column":1}},"line":1},"1":{"name":"(anonymous_1)","decl":{"start":{"line":7,"column":112},"end":{"line":7,"column":113}},"loc":{"start":{"line":7,"column":119},"end":{"line":7,"column":172}},"line":7},"2":{"name":"(anonymous_2)","decl":{"start":{"line":11,"column":117},"end":{"line":11,"column":118}},"loc":{"start":{"line":11,"column":124},"end":{"line":11,"column":182}},"line":11}},"branchMap":{},"s":{"0":4,"1":0,"2":0},"f":{"0":4,"1":0,"2":0},"b":{},"_coverageSchema":"1a1c01bbd47fc00a2c39e90264f33305004495a9","hash":"8793a8399b79165ce3b084d55b9a9aee28249bde"}
,"/Users/otuta/Desktop/finfinfin — копия/src/components/blocks/CreateQuizMultipleAnswer.jsx": {"path":"/Users/otuta/Desktop/finfinfin — копия/src/components/blocks/CreateQuizMultipleAnswer.jsx","statementMap":{"0":{"start":{"line":4,"column":48},"end":{"line":4,"column":60}},"1":{"start":{"line":7,"column":4},"end":{"line":13,"column":33}},"2":{"start":{"line":8,"column":8},"end":{"line":12,"column":9}},"3":{"start":{"line":9,"column":12},"end":{"line":9,"column":54}},"4":{"start":{"line":11,"column":12},"end":{"line":11,"column":34}},"5":{"start":{"line":16,"column":4},"end":{"line":18,"column":52}},"6":{"start":{"line":17,"column":8},"end":{"line":17,"column":67}},"7":{"start":{"line":21,"column":23},"end":{"line":26,"column":5}},"8":{"start":{"line":22,"column":27},"end":{"line":24,"column":9}},"9":{"start":{"line":23,"column":12},"end":{"line":23,"column":37}},"10":{"start":{"line":25,"column":8},"end":{"line":25,"column":57}},"11":{"start":{"line":29,"column":32},"end":{"line":35,"column":5}},"12":{"start":{"line":30,"column":8},"end":{"line":34,"column":10}},"13":{"start":{"line":31,"column":12},"end":{"line":33,"column":35}},"14":{"start":{"line":32,"column":37},"end":{"line":32,"column":49}},"15":{"start":{"line":37,"column":4},"end":{"line":97,"column":6}},"16":{"start":{"line":47,"column":36},"end":{"line":47,"column":89}},"17":{"start":{"line":54,"column":20},"end":{"line":71,"column":26}},"18":{"start":{"line":60,"column":44},"end":{"line":60,"column":77}},"19":{"start":{"line":67,"column":48},"end":{"line":67,"column":75}},"20":{"start":{"line":78,"column":20},"end":{"line":78,"column":83}},"21":{"start":{"line":91,"column":28},"end":{"line":91,"column":72}}},"fnMap":{"0":{"name":"CreateQuizMultipleAnswer","decl":{"start":{"line":3,"column":24},"end":{"line":3,"column":48}},"loc":{"start":{"line":3,"column":77},"end":{"line":98,"column":1}},"line":3},"1":{"name":"(anonymous_1)","decl":{"start":{"line":7,"column":14},"end":{"line":7,"column":15}},"loc":{"start":{"line":7,"column":20},"end":{"line":13,"column":5}},"line":7},"2":{"name":"(anonymous_2)","decl":{"start":{"line":16,"column":14},"end":{"line":16,"column":15}},"loc":{"start":{"line":16,"column":20},"end":{"line":18,"column":5}},"line":16},"3":{"name":"(anonymous_3)","decl":{"start":{"line":21,"column":23},"end":{"line":21,"column":24}},"loc":{"start":{"line":21,"column":41},"end":{"line":26,"column":5}},"line":21},"4":{"name":"(anonymous_4)","decl":{"start":{"line":22,"column":48},"end":{"line":22,"column":49}},"loc":{"start":{"line":23,"column":12},"end":{"line":23,"column":37}},"line":23},"5":{"name":"(anonymous_5)","decl":{"start":{"line":29,"column":32},"end":{"line":29,"column":33}},"loc":{"start":{"line":29,"column":44},"end":{"line":35,"column":5}},"line":29},"6":{"name":"(anonymous_6)","decl":{"start":{"line":30,"column":26},"end":{"line":30,"column":27}},"loc":{"start":{"line":31,"column":12},"end":{"line":33,"column":35}},"line":31},"7":{"name":"(anonymous_7)","decl":{"start":{"line":32,"column":30},"end":{"line":32,"column":31}},"loc":{"start":{"line":32,"column":37},"end":{"line":32,"column":49}},"line":32},"8":{"name":"(anonymous_8)","decl":{"start":{"line":47,"column":29},"end":{"line":47,"column":30}},"loc":{"start":{"line":47,"column":36},"end":{"line":47,"column":89}},"line":47},"9":{"name":"(anonymous_9)","decl":{"start":{"line":53,"column":38},"end":{"line":53,"column":39}},"loc":{"start":{"line":54,"column":20},"end":{"line":71,"column":26}},"line":54},"10":{"name":"(anonymous_10)","decl":{"start":{"line":60,"column":37},"end":{"line":60,"column":38}},"loc":{"start":{"line":60,"column":44},"end":{"line":60,"column":77}},"line":60},"11":{"name":"(anonymous_11)","decl":{"start":{"line":67,"column":42},"end":{"line":67,"column":43}},"loc":{"start":{"line":67,"column":48},"end":{"line":67,"column":75}},"line":67},"12":{"name":"(anonymous_12)","decl":{"start":{"line":77,"column":25},"end":{"line":77,"column":26}},"loc":{"start":{"line":78,"column":20},"end":{"line":78,"column":83}},"line":78},"13":{"name":"(anonymous_13)","decl":{"start":{"line":90,"column":44},"end":{"line":90,"column":45}},"loc":{"start":{"line":91,"column":28},"end":{"line":91,"column":72}},"line":91}},"branchMap":{"0":{"loc":{"start":{"line":8,"column":8},"end":{"line":12,"column":9}},"type":"if","locations":[{"start":{"line":8,"column":8},"end":{"line":12,"column":9}},{"start":{"line":10,"column":15},"end":{"line":12,"column":9}}],"line":8},"1":{"loc":{"start":{"line":23,"column":12},"end":{"line":23,"column":37}},"type":"cond-expr","locations":[{"start":{"line":23,"column":26},"end":{"line":23,"column":31}},{"start":{"line":23,"column":34},"end":{"line":23,"column":37}}],"line":23},"2":{"loc":{"start":{"line":31,"column":12},"end":{"line":33,"column":35}},"type":"cond-expr","locations":[{"start":{"line":32,"column":18},"end":{"line":32,"column":50}},{"start":{"line":33,"column":18},"end":{"line":33,"column":35}}],"line":31},"3":{"loc":{"start":{"line":86,"column":13},"end":{"line":95,"column":13}},"type":"binary-expr","locations":[{"start":{"line":86,"column":13},"end":{"line":86,"column":38}},{"start":{"line":87,"column":16},"end":{"line":94,"column":22}}],"line":86},"4":{"loc":{"start":{"line":91,"column":41},"end":{"line":91,"column":66}},"type":"binary-expr","locations":[{"start":{"line":91,"column":41},"end":{"line":91,"column":44}},{"start":{"line":91,"column":48},"end":{"line":91,"column":66}}],"line":91}},"s":{"0":0,"1":0,"2":0,"3":0,"4":0,"5":0,"6":0,"7":0,"8":0,"9":0,"10":0,"11":0,"12":0,"13":0,"14":0,"15":0,"16":0,"17":0,"18":0,"19":0,"20":0,"21":0},"f":{"0":0,"1":0,"2":0,"3":0,"4":0,"5":0,"6":0,"7":0,"8":0,"9":0,"10":0,"11":0,"12":0,"13":0},"b":{"0":[0,0],"1":[0,0],"2":[0,0],"3":[0,0],"4":[0,0]},"_coverageSchema":"1a1c01bbd47fc00a2c39e90264f33305004495a9","hash":"c7a50b4727b280dab91e188577158c2ee65e5930"}
,"/Users/otuta/Desktop/finfinfin — копия/src/components/blocks/CreateQuizSignleAnswer.jsx": {"path":"/Users/otuta/Desktop/finfinfin — копия/src/components/blocks/CreateQuizSignleAnswer.jsx","statementMap":{"0":{"start":{"line":3,"column":23},"end":{"line":8,"column":5}},"1":{"start":{"line":4,"column":27},"end":{"line":6,"column":9}},"2":{"start":{"line":5,"column":12},"end":{"line":5,"column":37}},"3":{"start":{"line":7,"column":8},"end":{"line":7,"column":48}},"4":{"start":{"line":10,"column":4},"end":{"line":66,"column":6}},"5":{"start":{"line":20,"column":36},"end":{"line":20,"column":89}},"6":{"start":{"line":28,"column":20},"end":{"line":45,"column":26}},"7":{"start":{"line":34,"column":44},"end":{"line":34,"column":94}},"8":{"start":{"line":43,"column":44},"end":{"line":43,"column":90}},"9":{"start":{"line":52,"column":20},"end":{"line":52,"column":83}}},"fnMap":{"0":{"name":"CreateQuizSignleAnswer","decl":{"start":{"line":1,"column":24},"end":{"line":1,"column":46}},"loc":{"start":{"line":1,"column":75},"end":{"line":67,"column":1}},"line":1},"1":{"name":"(anonymous_1)","decl":{"start":{"line":3,"column":23},"end":{"line":3,"column":24}},"loc":{"start":{"line":3,"column":45},"end":{"line":8,"column":5}},"line":3},"2":{"name":"(anonymous_2)","decl":{"start":{"line":4,"column":48},"end":{"line":4,"column":49}},"loc":{"start":{"line":5,"column":12},"end":{"line":5,"column":37}},"line":5},"3":{"name":"(anonymous_3)","decl":{"start":{"line":20,"column":29},"end":{"line":20,"column":30}},"loc":{"start":{"line":20,"column":36},"end":{"line":20,"column":89}},"line":20},"4":{"name":"(anonymous_4)","decl":{"start":{"line":27,"column":38},"end":{"line":27,"column":39}},"loc":{"start":{"line":28,"column":20},"end":{"line":45,"column":26}},"line":28},"5":{"name":"(anonymous_5)","decl":{"start":{"line":34,"column":38},"end":{"line":34,"column":39}},"loc":{"start":{"line":34,"column":44},"end":{"line":34,"column":94}},"line":34},"6":{"name":"(anonymous_6)","decl":{"start":{"line":43,"column":37},"end":{"line":43,"column":38}},"loc":{"start":{"line":43,"column":44},"end":{"line":43,"column":90}},"line":43},"7":{"name":"(anonymous_7)","decl":{"start":{"line":51,"column":25},"end":{"line":51,"column":26}},"loc":{"start":{"line":52,"column":20},"end":{"line":52,"column":83}},"line":52}},"branchMap":{"0":{"loc":{"start":{"line":5,"column":12},"end":{"line":5,"column":37}},"type":"cond-expr","locations":[{"start":{"line":5,"column":26},"end":{"line":5,"column":31}},{"start":{"line":5,"column":34},"end":{"line":5,"column":37}}],"line":5},"1":{"loc":{"start":{"line":60,"column":13},"end":{"line":64,"column":13}},"type":"binary-expr","locations":[{"start":{"line":60,"column":13},"end":{"line":60,"column":35}},{"start":{"line":61,"column":16},"end":{"line":63,"column":22}}],"line":60}},"s":{"0":0,"1":0,"2":0,"3":0,"4":0,"5":0,"6":0,"7":0,"8":0,"9":0},"f":{"0":0,"1":0,"2":0,"3":0,"4":0,"5":0,"6":0,"7":0},"b":{"0":[0,0],"1":[0,0]},"_coverageSchema":"1a1c01bbd47fc00a2c39e90264f33305004495a9","hash":"3e52c4d3bdd401a31952f4656c7215adb39bbcaa"}
,"/Users/otuta/Desktop/finfinfin — копия/src/components/blocks/QuizDirectQuestion.jsx": {"path":"/Users/otuta/Desktop/finfinfin — копия/src/components/blocks/QuizDirectQuestion.jsx","statementMap":{"0":{"start":{"line":4,"column":40},"end":{"line":4,"column":52}},"1":{"start":{"line":5,"column":32},"end":{"line":5,"column":46}},"2":{"start":{"line":7,"column":4},"end":{"line":15,"column":36}},"3":{"start":{"line":8,"column":8},"end":{"line":11,"column":9}},"4":{"start":{"line":9,"column":12},"end":{"line":9,"column":28}},"5":{"start":{"line":10,"column":12},"end":{"line":10,"column":19}},"6":{"start":{"line":13,"column":26},"end":{"line":13,"column":96}},"7":{"start":{"line":14,"column":8},"end":{"line":14,"column":93}},"8":{"start":{"line":17,"column":4},"end":{"line":44,"column":6}},"9":{"start":{"line":27,"column":37},"end":{"line":27,"column":66}}},"fnMap":{"0":{"name":"QuizDirectQuestion","decl":{"start":{"line":3,"column":24},"end":{"line":3,"column":42}},"loc":{"start":{"line":3,"column":72},"end":{"line":45,"column":1}},"line":3},"1":{"name":"(anonymous_1)","decl":{"start":{"line":7,"column":14},"end":{"line":7,"column":15}},"loc":{"start":{"line":7,"column":20},"end":{"line":15,"column":5}},"line":7},"2":{"name":"(anonymous_2)","decl":{"start":{"line":27,"column":30},"end":{"line":27,"column":31}},"loc":{"start":{"line":27,"column":37},"end":{"line":27,"column":66}},"line":27}},"branchMap":{"0":{"loc":{"start":{"line":8,"column":8},"end":{"line":11,"column":9}},"type":"if","locations":[{"start":{"line":8,"column":8},"end":{"line":11,"column":9}},{"start":{},"end":{}}],"line":8},"1":{"loc":{"start":{"line":14,"column":18},"end":{"line":14,"column":91}},"type":"cond-expr","locations":[{"start":{"line":14,"column":30},"end":{"line":14,"column":41}},{"start":{"line":14,"column":44},"end":{"line":14,"column":91}}],"line":14},"2":{"loc":{"start":{"line":33,"column":13},"end":{"line":42,"column":13}},"type":"binary-expr","locations":[{"start":{"line":33,"column":13},"end":{"line":33,"column":19}},{"start":{"line":34,"column":16},"end":{"line":41,"column":22}}],"line":33},"3":{"loc":{"start":{"line":35,"column":86},"end":{"line":37,"column":79}},"type":"cond-expr","locations":[{"start":{"line":36,"column":30},"end":{"line":36,"column":85}},{"start":{"line":37,"column":30},"end":{"line":37,"column":79}}],"line":35}},"s":{"0":1,"1":1,"2":1,"3":1,"4":1,"5":1,"6":0,"7":0,"8":1,"9":0},"f":{"0":1,"1":1,"2":0},"b":{"0":[1,0],"1":[0,0],"2":[1,0],"3":[0,0]},"_coverageSchema":"1a1c01bbd47fc00a2c39e90264f33305004495a9","hash":"b1834700f25d8367201c6563c83e799f87aa14e1"}
,"/Users/otuta/Desktop/finfinfin — копия/src/components/blocks/QuizMultipleQuestion.jsx": {"path":"/Users/otuta/Desktop/finfinfin — копия/src/components/blocks/QuizMultipleQuestion.jsx","statementMap":{"0":{"start":{"line":4,"column":40},"end":{"line":4,"column":52}},"1":{"start":{"line":5,"column":32},"end":{"line":5,"column":46}},"2":{"start":{"line":7,"column":25},"end":{"line":13,"column":5}},"3":{"start":{"line":8,"column":8},"end":{"line":12,"column":10}},"4":{"start":{"line":9,"column":12},"end":{"line":11,"column":35}},"5":{"start":{"line":10,"column":40},"end":{"line":10,"column":55}},"6":{"start":{"line":15,"column":4},"end":{"line":22,"column":41}},"7":{"start":{"line":17,"column":12},"end":{"line":19,"column":73}},"8":{"start":{"line":18,"column":47},"end":{"line":18,"column":72}},"9":{"start":{"line":19,"column":39},"end":{"line":19,"column":72}},"10":{"start":{"line":21,"column":8},"end":{"line":21,"column":58}},"11":{"start":{"line":24,"column":4},"end":{"line":59,"column":6}},"12":{"start":{"line":30,"column":20},"end":{"line":41,"column":28}},"13":{"start":{"line":37,"column":44},"end":{"line":37,"column":64}}},"fnMap":{"0":{"name":"QuizMultipleQuestion","decl":{"start":{"line":3,"column":24},"end":{"line":3,"column":44}},"loc":{"start":{"line":3,"column":89},"end":{"line":60,"column":1}},"line":3},"1":{"name":"(anonymous_1)","decl":{"start":{"line":7,"column":25},"end":{"line":7,"column":26}},"loc":{"start":{"line":7,"column":37},"end":{"line":13,"column":5}},"line":7},"2":{"name":"(anonymous_2)","decl":{"start":{"line":8,"column":22},"end":{"line":8,"column":23}},"loc":{"start":{"line":9,"column":12},"end":{"line":11,"column":35}},"line":9},"3":{"name":"(anonymous_3)","decl":{"start":{"line":10,"column":30},"end":{"line":10,"column":31}},"loc":{"start":{"line":10,"column":40},"end":{"line":10,"column":55}},"line":10},"4":{"name":"(anonymous_4)","decl":{"start":{"line":15,"column":14},"end":{"line":15,"column":15}},"loc":{"start":{"line":15,"column":20},"end":{"line":22,"column":5}},"line":15},"5":{"name":"(anonymous_5)","decl":{"start":{"line":18,"column":37},"end":{"line":18,"column":38}},"loc":{"start":{"line":18,"column":47},"end":{"line":18,"column":72}},"line":18},"6":{"name":"(anonymous_6)","decl":{"start":{"line":19,"column":29},"end":{"line":19,"column":30}},"loc":{"start":{"line":19,"column":39},"end":{"line":19,"column":72}},"line":19},"7":{"name":"(anonymous_7)","decl":{"start":{"line":29,"column":30},"end":{"line":29,"column":31}},"loc":{"start":{"line":30,"column":20},"end":{"line":41,"column":28}},"line":30},"8":{"name":"(anonymous_8)","decl":{"start":{"line":37,"column":38},"end":{"line":37,"column":39}},"loc":{"start":{"line":37,"column":44},"end":{"line":37,"column":64}},"line":37}},"branchMap":{"0":{"loc":{"start":{"line":9,"column":12},"end":{"line":11,"column":35}},"type":"cond-expr","locations":[{"start":{"line":10,"column":18},"end":{"line":10,"column":56}},{"start":{"line":11,"column":18},"end":{"line":11,"column":35}}],"line":9},"1":{"loc":{"start":{"line":17,"column":12},"end":{"line":19,"column":73}},"type":"binary-expr","locations":[{"start":{"line":17,"column":12},"end":{"line":17,"column":59}},{"start":{"line":18,"column":12},"end":{"line":18,"column":73}},{"start":{"line":19,"column":12},"end":{"line":19,"column":73}}],"line":17},"2":{"loc":{"start":{"line":21,"column":18},"end":{"line":21,"column":56}},"type":"cond-expr","locations":[{"start":{"line":21,"column":30},"end":{"line":21,"column":41}},{"start":{"line":21,"column":44},"end":{"line":21,"column":56}}],"line":21},"3":{"loc":{"start":{"line":45,"column":13},"end":{"line":57,"column":13}},"type":"binary-expr","locations":[{"start":{"line":45,"column":13},"end":{"line":45,"column":19}},{"start":{"line":45,"column":23},"end":{"line":45,"column":44}},{"start":{"line":46,"column":16},"end":{"line":56,"column":22}}],"line":45},"4":{"loc":{"start":{"line":47,"column":86},"end":{"line":47,"column":170}},"type":"cond-expr","locations":[{"start":{"line":47,"column":113},"end":{"line":47,"column":142}},{"start":{"line":47,"column":145},"end":{"line":47,"column":170}}],"line":47},"5":{"loc":{"start":{"line":51,"column":21},"end":{"line":55,"column":21}},"type":"binary-expr","locations":[{"start":{"line":51,"column":21},"end":{"line":51,"column":46}},{"start":{"line":51,"column":50},"end":{"line":51,"column":79}},{"start":{"line":52,"column":24},"end":{"line":54,"column":28}}],"line":51}},"s":{"0":2,"1":2,"2":2,"3":0,"4":0,"5":0,"6":2,"7":1,"8":0,"9":0,"10":1,"11":2,"12":6,"13":0},"f":{"0":2,"1":0,"2":0,"3":0,"4":1,"5":0,"6":0,"7":6,"8":0},"b":{"0":[0,0],"1":[1,0,0],"2":[0,1],"3":[2,1,0],"4":[0,0],"5":[0,0,0]},"_coverageSchema":"1a1c01bbd47fc00a2c39e90264f33305004495a9","hash":"4990c853057a0067cea7b55d6a855bb38d2e4cbb"}
,"/Users/otuta/Desktop/finfinfin — копия/src/components/blocks/QuizSingleAnswer.jsx": {"path":"/Users/otuta/Desktop/finfinfin — копия/src/components/blocks/QuizSingleAnswer.jsx","statementMap":{"0":{"start":{"line":4,"column":40},"end":{"line":4,"column":52}},"1":{"start":{"line":5,"column":32},"end":{"line":5,"column":46}},"2":{"start":{"line":7,"column":4},"end":{"line":15,"column":36}},"3":{"start":{"line":8,"column":8},"end":{"line":14,"column":9}},"4":{"start":{"line":9,"column":12},"end":{"line":13,"column":13}},"5":{"start":{"line":10,"column":16},"end":{"line":10,"column":39}},"6":{"start":{"line":12,"column":16},"end":{"line":12,"column":76}},"7":{"start":{"line":17,"column":4},"end":{"line":48,"column":6}},"8":{"start":{"line":23,"column":20},"end":{"line":35,"column":28}},"9":{"start":{"line":31,"column":44},"end":{"line":31,"column":66}}},"fnMap":{"0":{"name":"QuizSingleAnswer","decl":{"start":{"line":3,"column":24},"end":{"line":3,"column":40}},"loc":{"start":{"line":3,"column":80},"end":{"line":49,"column":1}},"line":3},"1":{"name":"(anonymous_1)","decl":{"start":{"line":7,"column":14},"end":{"line":7,"column":15}},"loc":{"start":{"line":7,"column":20},"end":{"line":15,"column":5}},"line":7},"2":{"name":"(anonymous_2)","decl":{"start":{"line":22,"column":30},"end":{"line":22,"column":31}},"loc":{"start":{"line":23,"column":20},"end":{"line":35,"column":28}},"line":23},"3":{"name":"(anonymous_3)","decl":{"start":{"line":31,"column":38},"end":{"line":31,"column":39}},"loc":{"start":{"line":31,"column":44},"end":{"line":31,"column":66}},"line":31}},"branchMap":{"0":{"loc":{"start":{"line":8,"column":8},"end":{"line":14,"column":9}},"type":"if","locations":[{"start":{"line":8,"column":8},"end":{"line":14,"column":9}},{"start":{},"end":{}}],"line":8},"1":{"loc":{"start":{"line":9,"column":12},"end":{"line":13,"column":13}},"type":"if","locations":[{"start":{"line":9,"column":12},"end":{"line":13,"column":13}},{"start":{"line":11,"column":19},"end":{"line":13,"column":13}}],"line":9},"2":{"loc":{"start":{"line":29,"column":44},"end":{"line":29,"column":67}},"type":"binary-expr","locations":[{"start":{"line":29,"column":44},"end":{"line":29,"column":55}},{"start":{"line":29,"column":59},"end":{"line":29,"column":67}}],"line":29},"3":{"loc":{"start":{"line":39,"column":13},"end":{"line":46,"column":13}},"type":"binary-expr","locations":[{"start":{"line":39,"column":13},"end":{"line":39,"column":19}},{"start":{"line":40,"column":16},"end":{"line":45,"column":22}}],"line":39},"4":{"loc":{"start":{"line":41,"column":84},"end":{"line":41,"column":168}},"type":"cond-expr","locations":[{"start":{"line":41,"column":111},"end":{"line":41,"column":140}},{"start":{"line":41,"column":143},"end":{"line":41,"column":168}}],"line":41}},"s":{"0":1,"1":1,"2":1,"3":1,"4":0,"5":0,"6":0,"7":1,"8":3,"9":0},"f":{"0":1,"1":1,"2":3,"3":0},"b":{"0":[0,1],"1":[0,0],"2":[3,3],"3":[1,0],"4":[0,0]},"_coverageSchema":"1a1c01bbd47fc00a2c39e90264f33305004495a9","hash":"976dffe3351f2133529c61b7b8d03e4efe6c5cb6"}
,"/Users/otuta/Desktop/finfinfin — копия/src/context/AuthContext.jsx": {"path":"/Users/otuta/Desktop/finfinfin — копия/src/context/AuthContext.jsx","statementMap":{"0":{"start":{"line":4,"column":20},"end":{"line":4,"column":35}},"1":{"start":{"line":6,"column":23},"end":{"line":6,"column":52}},"2":{"start":{"line":6,"column":29},"end":{"line":6,"column":52}},"3":{"start":{"line":8,"column":28},"end":{"line":73,"column":1}},"4":{"start":{"line":9,"column":28},"end":{"line":9,"column":42}},"5":{"start":{"line":11,"column":4},"end":{"line":16,"column":11}},"6":{"start":{"line":12,"column":22},"end":{"line":12,"column":57}},"7":{"start":{"line":13,"column":8},"end":{"line":15,"column":9}},"8":{"start":{"line":14,"column":12},"end":{"line":14,"column":39}},"9":{"start":{"line":18,"column":18},"end":{"line":36,"column":5}},"10":{"start":{"line":19,"column":20},"end":{"line":19,"column":73}},"11":{"start":{"line":21,"column":8},"end":{"line":26,"column":9}},"12":{"start":{"line":22,"column":29},"end":{"line":22,"column":119}},"13":{"start":{"line":22,"column":77},"end":{"line":22,"column":99}},"14":{"start":{"line":23,"column":12},"end":{"line":23,"column":30}},"15":{"start":{"line":24,"column":12},"end":{"line":24,"column":74}},"16":{"start":{"line":25,"column":12},"end":{"line":25,"column":24}},"17":{"start":{"line":28,"column":22},"end":{"line":28,"column":89}},"18":{"start":{"line":28,"column":38},"end":{"line":28,"column":88}},"19":{"start":{"line":29,"column":8},"end":{"line":34,"column":9}},"20":{"start":{"line":30,"column":57},"end":{"line":30,"column":62}},"21":{"start":{"line":31,"column":12},"end":{"line":31,"column":30}},"22":{"start":{"line":32,"column":12},"end":{"line":32,"column":74}},"23":{"start":{"line":33,"column":12},"end":{"line":33,"column":24}},"24":{"start":{"line":35,"column":8},"end":{"line":35,"column":21}},"25":{"start":{"line":38,"column":21},"end":{"line":45,"column":5}},"26":{"start":{"line":39,"column":20},"end":{"line":39,"column":73}},"27":{"start":{"line":40,"column":8},"end":{"line":40,"column":67}},"28":{"start":{"line":40,"column":28},"end":{"line":40,"column":51}},"29":{"start":{"line":40,"column":54},"end":{"line":40,"column":67}},"30":{"start":{"line":42,"column":8},"end":{"line":42,"column":58}},"31":{"start":{"line":43,"column":8},"end":{"line":43,"column":65}},"32":{"start":{"line":44,"column":8},"end":{"line":44,"column":20}},"33":{"start":{"line":47,"column":19},"end":{"line":50,"column":5}},"34":{"start":{"line":48,"column":8},"end":{"line":48,"column":22}},"35":{"start":{"line":49,"column":8},"end":{"line":49,"column":47}},"36":{"start":{"line":52,"column":27},"end":{"line":66,"column":5}},"37":{"start":{"line":53,"column":8},"end":{"line":53,"column":26}},"38":{"start":{"line":53,"column":19},"end":{"line":53,"column":26}},"39":{"start":{"line":54,"column":24},"end":{"line":54,"column":35}},"40":{"start":{"line":55,"column":8},"end":{"line":55,"column":55}},"41":{"start":{"line":55,"column":32},"end":{"line":55,"column":55}},"42":{"start":{"line":57,"column":22},"end":{"line":57,"column":53}},"43":{"start":{"line":58,"column":8},"end":{"line":62,"column":9}},"44":{"start":{"line":59,"column":12},"end":{"line":59,"column":41}},"45":{"start":{"line":61,"column":12},"end":{"line":61,"column":47}},"46":{"start":{"line":64,"column":8},"end":{"line":64,"column":25}},"47":{"start":{"line":65,"column":8},"end":{"line":65,"column":69}},"48":{"start":{"line":68,"column":4},"end":{"line":72,"column":6}}},"fnMap":{"0":{"name":"(anonymous_0)","decl":{"start":{"line":6,"column":23},"end":{"line":6,"column":24}},"loc":{"start":{"line":6,"column":29},"end":{"line":6,"column":52}},"line":6},"1":{"name":"(anonymous_1)","decl":{"start":{"line":8,"column":28},"end":{"line":8,"column":29}},"loc":{"start":{"line":8,"column":46},"end":{"line":73,"column":1}},"line":8},"2":{"name":"(anonymous_2)","decl":{"start":{"line":11,"column":14},"end":{"line":11,"column":15}},"loc":{"start":{"line":11,"column":20},"end":{"line":16,"column":5}},"line":11},"3":{"name":"(anonymous_3)","decl":{"start":{"line":18,"column":18},"end":{"line":18,"column":19}},"loc":{"start":{"line":18,"column":42},"end":{"line":36,"column":5}},"line":18},"4":{"name":"(anonymous_4)","decl":{"start":{"line":22,"column":72},"end":{"line":22,"column":73}},"loc":{"start":{"line":22,"column":77},"end":{"line":22,"column":99}},"line":22},"5":{"name":"(anonymous_5)","decl":{"start":{"line":28,"column":33},"end":{"line":28,"column":34}},"loc":{"start":{"line":28,"column":38},"end":{"line":28,"column":88}},"line":28},"6":{"name":"(anonymous_6)","decl":{"start":{"line":38,"column":21},"end":{"line":38,"column":22}},"loc":{"start":{"line":38,"column":45},"end":{"line":45,"column":5}},"line":38},"7":{"name":"(anonymous_7)","decl":{"start":{"line":40,"column":23},"end":{"line":40,"column":24}},"loc":{"start":{"line":40,"column":28},"end":{"line":40,"column":51}},"line":40},"8":{"name":"(anonymous_8)","decl":{"start":{"line":47,"column":19},"end":{"line":47,"column":20}},"loc":{"start":{"line":47,"column":25},"end":{"line":50,"column":5}},"line":47},"9":{"name":"(anonymous_9)","decl":{"start":{"line":52,"column":27},"end":{"line":52,"column":28}},"loc":{"start":{"line":52,"column":37},"end":{"line":66,"column":5}},"line":52}},"branchMap":{"0":{"loc":{"start":{"line":13,"column":8},"end":{"line":15,"column":9}},"type":"if","locations":[{"start":{"line":13,"column":8},"end":{"line":15,"column":9}},{"start":{},"end":{}}],"line":13},"1":{"loc":{"start":{"line":19,"column":31},"end":{"line":19,"column":72}},"type":"binary-expr","locations":[{"start":{"line":19,"column":31},"end":{"line":19,"column":64}},{"start":{"line":19,"column":68},"end":{"line":19,"column":72}}],"line":19},"2":{"loc":{"start":{"line":21,"column":8},"end":{"line":26,"column":9}},"type":"if","locations":[{"start":{"line":21,"column":8},"end":{"line":26,"column":9}},{"start":{},"end":{}}],"line":21},"3":{"loc":{"start":{"line":21,"column":12},"end":{"line":21,"column":54}},"type":"binary-expr","locations":[{"start":{"line":21,"column":12},"end":{"line":21,"column":32}},{"start":{"line":21,"column":36},"end":{"line":21,"column":54}}],"line":21},"4":{"loc":{"start":{"line":22,"column":61},"end":{"line":22,"column":117}},"type":"binary-expr","locations":[{"start":{"line":22,"column":61},"end":{"line":22,"column":111}},{"start":{"line":22,"column":115},"end":{"line":22,"column":117}}],"line":22},"5":{"loc":{"start":{"line":28,"column":38},"end":{"line":28,"column":88}},"type":"binary-expr","locations":[{"start":{"line":28,"column":38},"end":{"line":28,"column":61}},{"start":{"line":28,"column":65},"end":{"line":28,"column":88}}],"line":28},"6":{"loc":{"start":{"line":29,"column":8},"end":{"line":34,"column":9}},"type":"if","locations":[{"start":{"line":29,"column":8},"end":{"line":34,"column":9}},{"start":{},"end":{}}],"line":29},"7":{"loc":{"start":{"line":39,"column":31},"end":{"line":39,"column":72}},"type":"binary-expr","locations":[{"start":{"line":39,"column":31},"end":{"line":39,"column":64}},{"start":{"line":39,"column":68},"end":{"line":39,"column":72}}],"line":39},"8":{"loc":{"start":{"line":40,"column":8},"end":{"line":40,"column":67}},"type":"if","locations":[{"start":{"line":40,"column":8},"end":{"line":40,"column":67}},{"start":{},"end":{}}],"line":40},"9":{"loc":{"start":{"line":53,"column":8},"end":{"line":53,"column":26}},"type":"if","locations":[{"start":{"line":53,"column":8},"end":{"line":53,"column":26}},{"start":{},"end":{}}],"line":53},"10":{"loc":{"start":{"line":55,"column":8},"end":{"line":55,"column":55}},"type":"if","locations":[{"start":{"line":55,"column":8},"end":{"line":55,"column":55}},{"start":{},"end":{}}],"line":55},"11":{"loc":{"start":{"line":58,"column":8},"end":{"line":62,"column":9}},"type":"if","locations":[{"start":{"line":58,"column":8},"end":{"line":62,"column":9}},{"start":{"line":60,"column":15},"end":{"line":62,"column":9}}],"line":58}},"s":{"0":1,"1":1,"2":1,"3":1,"4":7,"5":7,"6":7,"7":7,"8":0,"9":7,"10":0,"11":0,"12":0,"13":0,"14":0,"15":0,"16":0,"17":0,"18":0,"19":0,"20":0,"21":0,"22":0,"23":0,"24":0,"25":7,"26":0,"27":0,"28":0,"29":0,"30":0,"31":0,"32":0,"33":7,"34":0,"35":0,"36":7,"37":0,"38":0,"39":0,"40":0,"41":0,"42":0,"43":0,"44":0,"45":0,"46":0,"47":0,"48":7},"f":{"0":1,"1":7,"2":7,"3":0,"4":0,"5":0,"6":0,"7":0,"8":0,"9":0},"b":{"0":[0,7],"1":[0,0],"2":[0,0],"3":[0,0],"4":[0,0],"5":[0,0],"6":[0,0],"7":[0,0],"8":[0,0],"9":[0,0],"10":[0,0],"11":[0,0]},"_coverageSchema":"1a1c01bbd47fc00a2c39e90264f33305004495a9","hash":"bdc08320f41c744f955c206a797b5e5009e805c9"}
,"/Users/otuta/Desktop/finfinfin — копия/src/pages/Login.jsx": {"path":"/Users/otuta/Desktop/finfinfin — копия/src/pages/Login.jsx","statementMap":{"0":{"start":{"line":7,"column":30},"end":{"line":7,"column":45}},"1":{"start":{"line":8,"column":36},"end":{"line":8,"column":48}},"2":{"start":{"line":9,"column":36},"end":{"line":9,"column":48}},"3":{"start":{"line":10,"column":30},"end":{"line":10,"column":42}},"4":{"start":{"line":11,"column":32},"end":{"line":11,"column":41}},"5":{"start":{"line":12,"column":21},"end":{"line":12,"column":34}},"6":{"start":{"line":14,"column":19},"end":{"line":26,"column":5}},"7":{"start":{"line":15,"column":8},"end":{"line":15,"column":27}},"8":{"start":{"line":16,"column":8},"end":{"line":16,"column":21}},"9":{"start":{"line":18,"column":8},"end":{"line":24,"column":9}},"10":{"start":{"line":19,"column":12},"end":{"line":19,"column":46}},"11":{"start":{"line":20,"column":12},"end":{"line":20,"column":68}},"12":{"start":{"line":20,"column":21},"end":{"line":20,"column":68}},"13":{"start":{"line":22,"column":12},"end":{"line":22,"column":43}},"14":{"start":{"line":23,"column":12},"end":{"line":23,"column":66}},"15":{"start":{"line":23,"column":21},"end":{"line":23,"column":66}},"16":{"start":{"line":25,"column":8},"end":{"line":25,"column":22}},"17":{"start":{"line":28,"column":4},"end":{"line":44,"column":6}},"18":{"start":{"line":33,"column":75},"end":{"line":33,"column":102}},"19":{"start":{"line":34,"column":92},"end":{"line":34,"column":119}},"20":{"start":{"line":38,"column":53},"end":{"line":38,"column":69}}},"fnMap":{"0":{"name":"Login","decl":{"start":{"line":6,"column":24},"end":{"line":6,"column":29}},"loc":{"start":{"line":6,"column":32},"end":{"line":45,"column":1}},"line":6},"1":{"name":"(anonymous_1)","decl":{"start":{"line":14,"column":19},"end":{"line":14,"column":20}},"loc":{"start":{"line":14,"column":26},"end":{"line":26,"column":5}},"line":14},"2":{"name":"(anonymous_2)","decl":{"start":{"line":33,"column":70},"end":{"line":33,"column":71}},"loc":{"start":{"line":33,"column":75},"end":{"line":33,"column":102}},"line":33},"3":{"name":"(anonymous_3)","decl":{"start":{"line":34,"column":87},"end":{"line":34,"column":88}},"loc":{"start":{"line":34,"column":92},"end":{"line":34,"column":119}},"line":34},"4":{"name":"(anonymous_4)","decl":{"start":{"line":38,"column":47},"end":{"line":38,"column":48}},"loc":{"start":{"line":38,"column":53},"end":{"line":38,"column":69}},"line":38}},"branchMap":{"0":{"loc":{"start":{"line":18,"column":8},"end":{"line":24,"column":9}},"type":"if","locations":[{"start":{"line":18,"column":8},"end":{"line":24,"column":9}},{"start":{"line":21,"column":15},"end":{"line":24,"column":9}}],"line":18},"1":{"loc":{"start":{"line":20,"column":12},"end":{"line":20,"column":68}},"type":"if","locations":[{"start":{"line":20,"column":12},"end":{"line":20,"column":68}},{"start":{},"end":{}}],"line":20},"2":{"loc":{"start":{"line":23,"column":12},"end":{"line":23,"column":66}},"type":"if","locations":[{"start":{"line":23,"column":12},"end":{"line":23,"column":66}},{"start":{},"end":{}}],"line":23},"3":{"loc":{"start":{"line":30,"column":17},"end":{"line":30,"column":47}},"type":"cond-expr","locations":[{"start":{"line":30,"column":25},"end":{"line":30,"column":38}},{"start":{"line":30,"column":41},"end":{"line":30,"column":47}}],"line":30},"4":{"loc":{"start":{"line":31,"column":13},"end":{"line":31,"column":61}},"type":"binary-expr","locations":[{"start":{"line":31,"column":13},"end":{"line":31,"column":18}},{"start":{"line":31,"column":22},"end":{"line":31,"column":61}}],"line":31},"5":{"loc":{"start":{"line":35,"column":39},"end":{"line":35,"column":77}},"type":"cond-expr","locations":[{"start":{"line":35,"column":47},"end":{"line":35,"column":67}},{"start":{"line":35,"column":70},"end":{"line":35,"column":77}}],"line":35},"6":{"loc":{"start":{"line":39,"column":21},"end":{"line":39,"column":91}},"type":"cond-expr","locations":[{"start":{"line":39,"column":29},"end":{"line":39,"column":54}},{"start":{"line":39,"column":57},"end":{"line":39,"column":91}}],"line":39}},"s":{"0":1,"1":1,"2":1,"3":1,"4":1,"5":1,"6":1,"7":0,"8":0,"9":0,"10":0,"11":0,"12":0,"13":0,"14":0,"15":0,"16":0,"17":1,"18":0,"19":0,"20":0},"f":{"0":1,"1":0,"2":0,"3":0,"4":0},"b":{"0":[0,0],"1":[0,0],"2":[0,0],"3":[0,1],"4":[1,0],"5":[0,1],"6":[0,1]},"_coverageSchema":"1a1c01bbd47fc00a2c39e90264f33305004495a9","hash":"1b2fbbae262ce51d96432ea771a99bfb7f43266f"}
,"/Users/otuta/Desktop/finfinfin — копия/src/pages/PlayQuizPage.jsx": {"path":"/Users/otuta/Desktop/finfinfin — копия/src/pages/PlayQuizPage.jsx","statementMap":{"0":{"start":{"line":8,"column":19},"end":{"line":8,"column":30}},"1":{"start":{"line":9,"column":19},"end":{"line":9,"column":69}},"2":{"start":{"line":10,"column":24},"end":{"line":10,"column":71}},"3":{"start":{"line":10,"column":43},"end":{"line":10,"column":70}},"4":{"start":{"line":12,"column":4},"end":{"line":14,"column":5}},"5":{"start":{"line":13,"column":8},"end":{"line":13,"column":78}},"6":{"start":{"line":16,"column":22},"end":{"line":16,"column":53}},"7":{"start":{"line":18,"column":4},"end":{"line":59,"column":6}},"8":{"start":{"line":28,"column":20},"end":{"line":55,"column":26}}},"fnMap":{"0":{"name":"PlayQuizPage","decl":{"start":{"line":7,"column":24},"end":{"line":7,"column":36}},"loc":{"start":{"line":7,"column":39},"end":{"line":60,"column":1}},"line":7},"1":{"name":"(anonymous_1)","decl":{"start":{"line":10,"column":36},"end":{"line":10,"column":37}},"loc":{"start":{"line":10,"column":43},"end":{"line":10,"column":70}},"line":10},"2":{"name":"(anonymous_2)","decl":{"start":{"line":27,"column":31},"end":{"line":27,"column":32}},"loc":{"start":{"line":28,"column":20},"end":{"line":55,"column":26}},"line":28}},"branchMap":{"0":{"loc":{"start":{"line":9,"column":30},"end":{"line":9,"column":68}},"type":"binary-expr","locations":[{"start":{"line":9,"column":30},"end":{"line":9,"column":60}},{"start":{"line":9,"column":64},"end":{"line":9,"column":68}}],"line":9},"1":{"loc":{"start":{"line":12,"column":4},"end":{"line":14,"column":5}},"type":"if","locations":[{"start":{"line":12,"column":4},"end":{"line":14,"column":5}},{"start":{},"end":{}}],"line":12},"2":{"loc":{"start":{"line":16,"column":22},"end":{"line":16,"column":53}},"type":"binary-expr","locations":[{"start":{"line":16,"column":22},"end":{"line":16,"column":47}},{"start":{"line":16,"column":51},"end":{"line":16,"column":53}}],"line":16},"3":{"loc":{"start":{"line":28,"column":30},"end":{"line":28,"column":55}},"type":"binary-expr","locations":[{"start":{"line":28,"column":30},"end":{"line":28,"column":41}},{"start":{"line":28,"column":45},"end":{"line":28,"column":55}}],"line":28},"4":{"loc":{"start":{"line":33,"column":25},"end":{"line":38,"column":25}},"type":"binary-expr","locations":[{"start":{"line":33,"column":25},"end":{"line":33,"column":51}},{"start":{"line":34,"column":28},"end":{"line":37,"column":30}}],"line":33},"5":{"loc":{"start":{"line":40,"column":25},"end":{"line":46,"column":25}},"type":"binary-expr","locations":[{"start":{"line":40,"column":25},"end":{"line":40,"column":51}},{"start":{"line":41,"column":28},"end":{"line":45,"column":30}}],"line":40},"6":{"loc":{"start":{"line":48,"column":25},"end":{"line":54,"column":25}},"type":"binary-expr","locations":[{"start":{"line":48,"column":25},"end":{"line":48,"column":53}},{"start":{"line":49,"column":28},"end":{"line":53,"column":30}}],"line":48}},"s":{"0":2,"1":2,"2":2,"3":1,"4":2,"5":2,"6":0,"7":0,"8":0},"f":{"0":2,"1":1,"2":0},"b":{"0":[2,1],"1":[2,0],"2":[0,0],"3":[0,0],"4":[0,0],"5":[0,0],"6":[0,0]},"_coverageSchema":"1a1c01bbd47fc00a2c39e90264f33305004495a9","hash":"f521fa80528c7e29bb4449fe1bc28253db73cd82"}
,"/Users/otuta/Desktop/finfinfin — копия/src/pages/QuizesPage.jsx": {"path":"/Users/otuta/Desktop/finfinfin — копия/src/pages/QuizesPage.jsx","statementMap":{"0":{"start":{"line":8,"column":20},"end":{"line":8,"column":70}},"1":{"start":{"line":10,"column":4},"end":{"line":37,"column":6}},"2":{"start":{"line":21,"column":24},"end":{"line":32,"column":34}}},"fnMap":{"0":{"name":"QuizesPage","decl":{"start":{"line":6,"column":24},"end":{"line":6,"column":34}},"loc":{"start":{"line":6,"column":37},"end":{"line":38,"column":1}},"line":6},"1":{"name":"(anonymous_1)","decl":{"start":{"line":20,"column":33},"end":{"line":20,"column":34}},"loc":{"start":{"line":21,"column":24},"end":{"line":32,"column":34}},"line":21}},"branchMap":{"0":{"loc":{"start":{"line":8,"column":31},"end":{"line":8,"column":69}},"type":"binary-expr","locations":[{"start":{"line":8,"column":31},"end":{"line":8,"column":61}},{"start":{"line":8,"column":65},"end":{"line":8,"column":69}}],"line":8},"1":{"loc":{"start":{"line":14,"column":13},"end":{"line":35,"column":13}},"type":"cond-expr","locations":[{"start":{"line":15,"column":16},"end":{"line":17,"column":20}},{"start":{"line":19,"column":16},"end":{"line":34,"column":22}}],"line":14},"2":{"loc":{"start":{"line":27,"column":33},"end":{"line":27,"column":61}},"type":"binary-expr","locations":[{"start":{"line":27,"column":33},"end":{"line":27,"column":43}},{"start":{"line":27,"column":47},"end":{"line":27,"column":61}}],"line":27},"3":{"loc":{"start":{"line":30,"column":43},"end":{"line":30,"column":74}},"type":"binary-expr","locations":[{"start":{"line":30,"column":43},"end":{"line":30,"column":69}},{"start":{"line":30,"column":73},"end":{"line":30,"column":74}}],"line":30}},"s":{"0":2,"1":2,"2":0},"f":{"0":2,"1":0},"b":{"0":[2,1],"1":[2,0],"2":[0,0],"3":[0,0]},"_coverageSchema":"1a1c01bbd47fc00a2c39e90264f33305004495a9","hash":"93cf675edfdb628dc506971582005437270fd45e"}
}
