TN:
SF:src/components/NewQuizForm.jsx
FN:6,NewQuizForm
FN:19,(anonymous_1)
FN:32,(anonymous_2)
FN:34,(anonymous_3)
FN:40,(anonymous_4)
FN:59,(anonymous_5)
FN:66,(anonymous_6)
FN:74,(anonymous_7)
FNF:8
FNH:3
FNDA:3,NewQuizForm
FNDA:1,(anonymous_1)
FNDA:0,(anonymous_2)
FNDA:0,(anonymous_3)
FNDA:0,(anonymous_4)
FNDA:0,(anonymous_5)
FNDA:4,(anonymous_6)
FNDA:0,(anonymous_7)
DA:7,3
DA:17,3
DA:19,3
DA:20,1
DA:32,3
DA:33,0
DA:35,0
DA:40,3
DA:41,0
DA:47,0
DA:48,0
DA:49,0
DA:52,3
DA:59,0
DA:67,4
DA:74,0
LF:16
LH:8
BRDA:35,0,0,0
BRDA:35,0,1,0
BRDA:43,1,0,0
BRDA:43,1,1,0
BRDA:47,2,0,0
BRDA:47,2,1,0
BRDA:81,3,0,4
BRDA:81,3,1,4
BRDA:87,4,0,4
BRDA:87,4,1,0
BRDA:93,5,0,4
BRDA:93,5,1,0
BRF:12
BRH:4
end_of_record
TN:
SF:src/components/blocks/CreateQuizDirectQuestion.jsx
FN:1,CreateQuizDirectQuestion
FN:7,(anonymous_1)
FN:11,(anonymous_2)
FNF:3
FNH:1
FNDA:4,CreateQuizDirectQuestion
FNDA:0,(anonymous_1)
FNDA:0,(anonymous_2)
DA:2,4
DA:7,0
DA:11,0
LF:3
LH:1
BRF:0
BRH:0
end_of_record
TN:
SF:src/components/blocks/CreateQuizMultipleAnswer.jsx
FN:3,CreateQuizMultipleAnswer
FN:7,(anonymous_1)
FN:16,(anonymous_2)
FN:21,(anonymous_3)
FN:22,(anonymous_4)
FN:29,(anonymous_5)
FN:30,(anonymous_6)
FN:32,(anonymous_7)
FN:47,(anonymous_8)
FN:53,(anonymous_9)
FN:60,(anonymous_10)
FN:67,(anonymous_11)
FN:77,(anonymous_12)
FN:90,(anonymous_13)
FNF:14
FNH:0
FNDA:0,CreateQuizMultipleAnswer
FNDA:0,(anonymous_1)
FNDA:0,(anonymous_2)
FNDA:0,(anonymous_3)
FNDA:0,(anonymous_4)
FNDA:0,(anonymous_5)
FNDA:0,(anonymous_6)
FNDA:0,(anonymous_7)
FNDA:0,(anonymous_8)
FNDA:0,(anonymous_9)
FNDA:0,(anonymous_10)
FNDA:0,(anonymous_11)
FNDA:0,(anonymous_12)
FNDA:0,(anonymous_13)
DA:4,0
DA:7,0
DA:8,0
DA:9,0
DA:11,0
DA:16,0
DA:17,0
DA:21,0
DA:22,0
DA:23,0
DA:25,0
DA:29,0
DA:30,0
DA:31,0
DA:32,0
DA:37,0
DA:47,0
DA:54,0
DA:60,0
DA:67,0
DA:78,0
DA:91,0
LF:22
LH:0
BRDA:8,0,0,0
BRDA:8,0,1,0
BRDA:23,1,0,0
BRDA:23,1,1,0
BRDA:31,2,0,0
BRDA:31,2,1,0
BRDA:86,3,0,0
BRDA:86,3,1,0
BRDA:91,4,0,0
BRDA:91,4,1,0
BRF:10
BRH:0
end_of_record
TN:
SF:src/components/blocks/CreateQuizSignleAnswer.jsx
FN:1,CreateQuizSignleAnswer
FN:3,(anonymous_1)
FN:4,(anonymous_2)
FN:20,(anonymous_3)
FN:27,(anonymous_4)
FN:34,(anonymous_5)
FN:43,(anonymous_6)
FN:51,(anonymous_7)
FNF:8
FNH:0
FNDA:0,CreateQuizSignleAnswer
FNDA:0,(anonymous_1)
FNDA:0,(anonymous_2)
FNDA:0,(anonymous_3)
FNDA:0,(anonymous_4)
FNDA:0,(anonymous_5)
FNDA:0,(anonymous_6)
FNDA:0,(anonymous_7)
DA:3,0
DA:4,0
DA:5,0
DA:7,0
DA:10,0
DA:20,0
DA:28,0
DA:34,0
DA:43,0
DA:52,0
LF:10
LH:0
BRDA:5,0,0,0
BRDA:5,0,1,0
BRDA:60,1,0,0
BRDA:60,1,1,0
BRF:4
BRH:0
end_of_record
TN:
SF:src/components/blocks/QuizDirectQuestion.jsx
FN:3,QuizDirectQuestion
FN:7,(anonymous_1)
FN:27,(anonymous_2)
FNF:3
FNH:2
FNDA:1,QuizDirectQuestion
FNDA:1,(anonymous_1)
FNDA:0,(anonymous_2)
DA:4,1
DA:5,1
DA:7,1
DA:8,1
DA:9,1
DA:10,1
DA:13,0
DA:14,0
DA:17,1
DA:27,0
LF:10
LH:7
BRDA:8,0,0,1
BRDA:8,0,1,0
BRDA:14,1,0,0
BRDA:14,1,1,0
BRDA:33,2,0,1
BRDA:33,2,1,0
BRDA:35,3,0,0
BRDA:35,3,1,0
BRF:8
BRH:2
end_of_record
TN:
SF:src/components/blocks/QuizMultipleQuestion.jsx
FN:3,QuizMultipleQuestion
FN:7,(anonymous_1)
FN:8,(anonymous_2)
FN:10,(anonymous_3)
FN:15,(anonymous_4)
FN:18,(anonymous_5)
FN:19,(anonymous_6)
FN:29,(anonymous_7)
FN:37,(anonymous_8)
FNF:9
FNH:3
FNDA:2,QuizMultipleQuestion
FNDA:0,(anonymous_1)
FNDA:0,(anonymous_2)
FNDA:0,(anonymous_3)
FNDA:1,(anonymous_4)
FNDA:0,(anonymous_5)
FNDA:0,(anonymous_6)
FNDA:6,(anonymous_7)
FNDA:0,(anonymous_8)
DA:4,2
DA:5,2
DA:7,2
DA:8,0
DA:9,0
DA:10,0
DA:15,2
DA:17,1
DA:18,0
DA:19,0
DA:21,1
DA:24,2
DA:30,6
DA:37,0
LF:14
LH:8
BRDA:9,0,0,0
BRDA:9,0,1,0
BRDA:17,1,0,1
BRDA:17,1,1,0
BRDA:17,1,2,0
BRDA:21,2,0,0
BRDA:21,2,1,1
BRDA:45,3,0,2
BRDA:45,3,1,1
BRDA:45,3,2,0
BRDA:47,4,0,0
BRDA:47,4,1,0
BRDA:51,5,0,0
BRDA:51,5,1,0
BRDA:51,5,2,0
BRF:15
BRH:4
end_of_record
TN:
SF:src/components/blocks/QuizSingleAnswer.jsx
FN:3,QuizSingleAnswer
FN:7,(anonymous_1)
FN:22,(anonymous_2)
FN:31,(anonymous_3)
FNF:4
FNH:3
FNDA:1,QuizSingleAnswer
FNDA:1,(anonymous_1)
FNDA:3,(anonymous_2)
FNDA:0,(anonymous_3)
DA:4,1
DA:5,1
DA:7,1
DA:8,1
DA:9,0
DA:10,0
DA:12,0
DA:17,1
DA:23,3
DA:31,0
LF:10
LH:6
BRDA:8,0,0,0
BRDA:8,0,1,1
BRDA:9,1,0,0
BRDA:9,1,1,0
BRDA:29,2,0,3
BRDA:29,2,1,3
BRDA:39,3,0,1
BRDA:39,3,1,0
BRDA:41,4,0,0
BRDA:41,4,1,0
BRF:10
BRH:4
end_of_record
TN:
SF:src/context/AuthContext.jsx
FN:6,(anonymous_0)
FN:8,(anonymous_1)
FN:11,(anonymous_2)
FN:18,(anonymous_3)
FN:22,(anonymous_4)
FN:28,(anonymous_5)
FN:38,(anonymous_6)
FN:40,(anonymous_7)
FN:47,(anonymous_8)
FN:52,(anonymous_9)
FNF:10
FNH:3
FNDA:1,(anonymous_0)
FNDA:7,(anonymous_1)
FNDA:7,(anonymous_2)
FNDA:0,(anonymous_3)
FNDA:0,(anonymous_4)
FNDA:0,(anonymous_5)
FNDA:0,(anonymous_6)
FNDA:0,(anonymous_7)
FNDA:0,(anonymous_8)
FNDA:0,(anonymous_9)
DA:4,1
DA:6,1
DA:8,1
DA:9,7
DA:11,7
DA:12,7
DA:13,7
DA:14,0
DA:18,7
DA:19,0
DA:21,0
DA:22,0
DA:23,0
DA:24,0
DA:25,0
DA:28,0
DA:29,0
DA:30,0
DA:31,0
DA:32,0
DA:33,0
DA:35,0
DA:38,7
DA:39,0
DA:40,0
DA:42,0
DA:43,0
DA:44,0
DA:47,7
DA:48,0
DA:49,0
DA:52,7
DA:53,0
DA:54,0
DA:55,0
DA:57,0
DA:58,0
DA:59,0
DA:61,0
DA:64,0
DA:65,0
DA:68,7
LF:42
LH:12
BRDA:13,0,0,0
BRDA:13,0,1,7
BRDA:19,1,0,0
BRDA:19,1,1,0
BRDA:21,2,0,0
BRDA:21,2,1,0
BRDA:21,3,0,0
BRDA:21,3,1,0
BRDA:22,4,0,0
BRDA:22,4,1,0
BRDA:28,5,0,0
BRDA:28,5,1,0
BRDA:29,6,0,0
BRDA:29,6,1,0
BRDA:39,7,0,0
BRDA:39,7,1,0
BRDA:40,8,0,0
BRDA:40,8,1,0
BRDA:53,9,0,0
BRDA:53,9,1,0
BRDA:55,10,0,0
BRDA:55,10,1,0
BRDA:58,11,0,0
BRDA:58,11,1,0
BRF:24
BRH:1
end_of_record
TN:
SF:src/pages/Login.jsx
FN:6,Login
FN:14,(anonymous_1)
FN:33,(anonymous_2)
FN:34,(anonymous_3)
FN:38,(anonymous_4)
FNF:5
FNH:1
FNDA:1,Login
FNDA:0,(anonymous_1)
FNDA:0,(anonymous_2)
FNDA:0,(anonymous_3)
FNDA:0,(anonymous_4)
DA:7,1
DA:8,1
DA:9,1
DA:10,1
DA:11,1
DA:12,1
DA:14,1
DA:15,0
DA:16,0
DA:18,0
DA:19,0
DA:20,0
DA:22,0
DA:23,0
DA:25,0
DA:28,1
DA:33,0
DA:34,0
DA:38,0
LF:19
LH:8
BRDA:18,0,0,0
BRDA:18,0,1,0
BRDA:20,1,0,0
BRDA:20,1,1,0
BRDA:23,2,0,0
BRDA:23,2,1,0
BRDA:30,3,0,0
BRDA:30,3,1,1
BRDA:31,4,0,1
BRDA:31,4,1,0
BRDA:35,5,0,0
BRDA:35,5,1,1
BRDA:39,6,0,0
BRDA:39,6,1,1
BRF:14
BRH:4
end_of_record
TN:
SF:src/pages/PlayQuizPage.jsx
FN:7,PlayQuizPage
FN:10,(anonymous_1)
FN:27,(anonymous_2)
FNF:3
FNH:2
FNDA:2,PlayQuizPage
FNDA:1,(anonymous_1)
FNDA:0,(anonymous_2)
DA:8,2
DA:9,2
DA:10,2
DA:12,2
DA:13,2
DA:16,0
DA:18,0
DA:28,0
LF:8
LH:5
BRDA:9,0,0,2
BRDA:9,0,1,1
BRDA:12,1,0,2
BRDA:12,1,1,0
BRDA:16,2,0,0
BRDA:16,2,1,0
BRDA:28,3,0,0
BRDA:28,3,1,0
BRDA:33,4,0,0
BRDA:33,4,1,0
BRDA:40,5,0,0
BRDA:40,5,1,0
BRDA:48,6,0,0
BRDA:48,6,1,0
BRF:14
BRH:3
end_of_record
TN:
SF:src/pages/QuizesPage.jsx
FN:6,QuizesPage
FN:20,(anonymous_1)
FNF:2
FNH:1
FNDA:2,QuizesPage
FNDA:0,(anonymous_1)
DA:8,2
DA:10,2
DA:21,0
LF:3
LH:2
BRDA:8,0,0,2
BRDA:8,0,1,1
BRDA:14,1,0,2
BRDA:14,1,1,0
BRDA:27,2,0,0
BRDA:27,2,1,0
BRDA:30,3,0,0
BRDA:30,3,1,0
BRF:8
BRH:3
end_of_record
